<?xml version="1.0" encoding="UTF-8"?>
<!-- Generated by org.testng.reporters.JUnitReportReporter -->
<testsuite hostname="DESKTOP-QJ4K2MA" failures="0" tests="1" name="com.sdet.Login_Test" time="6.754" errors="0" timestamp="2022-02-07T22:56:03 CST" skipped="0">
  <testcase classname="com.sdet.Login_Test" name="login" time="6.754"/>
  <system-out/>
</testsuite> <!-- com.sdet.Login_Test -->
